g:\vs2017program\project1\gameserver\x64\debug\vc141.pdb
g:\vs2017program\project1\gameserver\x64\debug\vc141.idb
g:\vs2017program\project1\gameserver\x64\debug\dbconnectpool.obj
g:\vs2017program\project1\gameserver\x64\debug\cppmysql.obj
g:\vs2017program\project1\gameserver\x64\debug\timer.obj
g:\vs2017program\project1\gameserver\x64\debug\rpc.obj
g:\vs2017program\project1\gameserver\x64\debug\fdtouid.obj
g:\vs2017program\project1\gameserver\x64\debug\configfile.obj
g:\vs2017program\project1\gameserver\x64\debug\commonconvert.obj
g:\vs2017program\project1\gameserver\x64\debug\uuid.obj
g:\vs2017program\project1\gameserver\x64\debug\other.pb.obj
g:\vs2017program\project1\gameserver\x64\debug\msgid.pb.obj
g:\vs2017program\project1\gameserver\x64\debug\battle.pb.obj
g:\vs2017program\project1\gameserver\x64\debug\skillmodule.obj
g:\vs2017program\project1\gameserver\x64\debug\gamescenemanager.obj
g:\vs2017program\project1\gameserver\x64\debug\gamescenegrid.obj
g:\vs2017program\project1\gameserver\x64\debug\gamescene.obj
g:\vs2017program\project1\gameserver\x64\debug\agentmanager.obj
g:\vs2017program\project1\gameserver\x64\debug\gameserver.tlog\cl.command.1.tlog
g:\vs2017program\project1\gameserver\x64\debug\gameserver.tlog\cl.read.1.tlog
g:\vs2017program\project1\gameserver\x64\debug\gameserver.tlog\cl.write.1.tlog
