g:\vs2017program\project1\logicserver\x64\debug\vc141.pdb
g:\vs2017program\project1\logicserver\x64\debug\vc141.idb
g:\vs2017program\project1\logicserver\x64\debug\msgid.pb.obj
g:\vs2017program\project1\logicserver\x64\debug\eventid.pb.obj
g:\vs2017program\project1\logicserver\x64\debug\dbexcute.pb.obj
g:\vs2017program\project1\logicserver\x64\debug\bag.pb.obj
g:\vs2017program\project1\logicserver\x64\debug\playermanager.obj
g:\vs2017program\project1\logicserver\x64\debug\player.obj
g:\vs2017program\project1\logicserver\x64\debug\object.obj
g:\vs2017program\project1\logicserver\x64\debug\main.obj
g:\vs2017program\project1\logicserver\x64\debug\logicmsghandler.obj
g:\vs2017program\project1\logicserver\x64\debug\taskmodule.obj
g:\vs2017program\project1\logicserver\x64\debug\storemodule.obj
g:\vs2017program\project1\logicserver\x64\debug\rolemodule.obj
g:\vs2017program\project1\logicserver\x64\debug\mailmodule.obj
g:\vs2017program\project1\logicserver\x64\debug\basemodule.obj
g:\vs2017program\project1\logicserver\x64\debug\bagmodule.obj
g:\vs2017program\project1\logicserver\x64\debug\gameservice.obj
g:\vs2017program\project1\logicserver\x64\debug\connectservermgr.obj
g:\vs2017program\project1\logicserver\x64\debug\agentmanager.obj
g:\vs2017program\project1\logicserver\x64\debug\agent.obj
g:\vs2017program\project1\logicserver\x64\debug\dbconnectpool.obj
g:\vs2017program\project1\logicserver\x64\debug\cppmysql.obj
g:\vs2017program\project1\logicserver\x64\debug\timer.obj
g:\vs2017program\project1\logicserver\x64\debug\rpc.obj
g:\vs2017program\project1\logicserver\x64\debug\fdtouid.obj
g:\vs2017program\project1\logicserver\x64\debug\configfile.obj
g:\vs2017program\project1\logicserver\x64\debug\commonconvert.obj
g:\vs2017program\project1\logicserver\x64\debug\uuid.obj
g:\vs2017program\project1\logicserver\x64\debug\store.pb.obj
g:\vs2017program\project1\logicserver\x64\debug\other.pb.obj
g:\vs2017program\project1\logicserver\x64\debug\logicserver.tlog\cl.command.1.tlog
g:\vs2017program\project1\logicserver\x64\debug\logicserver.tlog\cl.read.1.tlog
g:\vs2017program\project1\logicserver\x64\debug\logicserver.tlog\cl.write.1.tlog
