g:\vs2017program\project1\loginserver\x64\debug\vc141.pdb
g:\vs2017program\project1\loginserver\x64\debug\vc141.idb
g:\vs2017program\project1\loginserver\x64\debug\dbconnectpool.obj
g:\vs2017program\project1\loginserver\x64\debug\cppmysql.obj
g:\vs2017program\project1\loginserver\x64\debug\timer.obj
g:\vs2017program\project1\loginserver\x64\debug\rpc.obj
g:\vs2017program\project1\loginserver\x64\debug\fdtouid.obj
g:\vs2017program\project1\loginserver\x64\debug\configfile.obj
g:\vs2017program\project1\loginserver\x64\debug\commonconvert.obj
g:\vs2017program\project1\loginserver\x64\debug\uuid.obj
g:\vs2017program\project1\loginserver\x64\debug\msgid.pb.obj
g:\vs2017program\project1\loginserver\x64\debug\main.obj
g:\vs2017program\project1\loginserver\x64\debug\loginmsghandler.obj
g:\vs2017program\project1\loginserver\x64\debug\gameservice.obj
g:\vs2017program\project1\loginserver\x64\debug\connectservermgr.obj
g:\vs2017program\project1\loginserver\x64\debug\agentmanager.obj
g:\vs2017program\project1\loginserver\x64\debug\agent.obj
g:\vs2017program\project1\x64\debug\loginserver.ilk
g:\vs2017program\project1\x64\debug\loginserver.exe
g:\vs2017program\project1\x64\debug\loginserver.pdb
g:\vs2017program\project1\loginserver\x64\debug\loginserver.tlog\cl.command.1.tlog
g:\vs2017program\project1\loginserver\x64\debug\loginserver.tlog\cl.read.1.tlog
g:\vs2017program\project1\loginserver\x64\debug\loginserver.tlog\cl.write.1.tlog
g:\vs2017program\project1\loginserver\x64\debug\loginserver.tlog\link.command.1.tlog
g:\vs2017program\project1\loginserver\x64\debug\loginserver.tlog\link.read.1.tlog
g:\vs2017program\project1\loginserver\x64\debug\loginserver.tlog\link.write.1.tlog
